*** Starting uWSGI 2.0.18 (64bit) on [Tue Dec 24 05:01:38 2019] ***
compiled with version: 8.3.0 on 24 December 2019 04:49:43
os: Linux-4.9.184-linuxkit #1 SMP Tue Jul 2 22:58:16 UTC 2019
nodename: 6a9a34d4d4b8
machine: x86_64
clock source: unix
detected number of CPU cores: 4
current working directory: /code
detected binary path: /usr/local/bin/uwsgi
!!! no internal routing support, rebuild with pcre support !!!
uWSGI running as root, you can use --uid/--gid/--chroot options
*** WARNING: you are running uWSGI as root !!! (use the --uid flag) *** 
chdir() to /code/project
your memory page size is 4096 bytes
detected max file descriptor number: 1048576
lock engine: pthread robust mutexes
thunder lock: disabled (you can enable it with --thunder-lock)
uwsgi socket 0 bound to TCP address :8001 fd 3
uWSGI running as root, you can use --uid/--gid/--chroot options
*** WARNING: you are running uWSGI as root !!! (use the --uid flag) *** 
Python version: 3.8.0 (default, Nov 15 2019, 02:22:06)  [GCC 8.3.0]
Python main interpreter initialized at 0x5566906618c0
uWSGI running as root, you can use --uid/--gid/--chroot options
*** WARNING: you are running uWSGI as root !!! (use the --uid flag) *** 
python threads support enabled
your server socket listen backlog is limited to 100 connections
your mercy for graceful operations on workers is 60 seconds
mapped 145840 bytes (142 KB) for 1 cores
*** Operational MODE: single process ***
WSGI app 0 (mountpoint='') ready in 1 seconds on interpreter 0x5566906618c0 pid: 1 (default app)
mountpoint  already configured. skip.
uWSGI running as root, you can use --uid/--gid/--chroot options
*** WARNING: you are running uWSGI as root !!! (use the --uid flag) *** 
*** uWSGI is running in multiple interpreter mode ***
spawned uWSGI master process (pid: 1)
spawned uWSGI worker 1 (pid: 8, cores: 1)
Python auto-reloader enabled
*** Starting uWSGI 2.0.18 (64bit) on [Tue Dec 24 05:01:55 2019] ***
compiled with version: 8.3.0 on 24 December 2019 04:49:43
os: Linux-4.9.184-linuxkit #1 SMP Tue Jul 2 22:58:16 UTC 2019
nodename: f9c26da350e5
machine: x86_64
clock source: unix
detected number of CPU cores: 4
current working directory: /code
detected binary path: /usr/local/bin/uwsgi
!!! no internal routing support, rebuild with pcre support !!!
uWSGI running as root, you can use --uid/--gid/--chroot options
*** WARNING: you are running uWSGI as root !!! (use the --uid flag) *** 
chdir() to /code/project
your memory page size is 4096 bytes
detected max file descriptor number: 1048576
lock engine: pthread robust mutexes
thunder lock: disabled (you can enable it with --thunder-lock)
uwsgi socket 0 bound to TCP address :8001 fd 3
uWSGI running as root, you can use --uid/--gid/--chroot options
*** WARNING: you are running uWSGI as root !!! (use the --uid flag) *** 
Python version: 3.8.0 (default, Nov 15 2019, 02:22:06)  [GCC 8.3.0]
Python main interpreter initialized at 0x557c175898c0
uWSGI running as root, you can use --uid/--gid/--chroot options
*** WARNING: you are running uWSGI as root !!! (use the --uid flag) *** 
python threads support enabled
your server socket listen backlog is limited to 100 connections
your mercy for graceful operations on workers is 60 seconds
mapped 145840 bytes (142 KB) for 1 cores
*** Operational MODE: single process ***
WSGI app 0 (mountpoint='') ready in 0 seconds on interpreter 0x557c175898c0 pid: 1 (default app)
mountpoint  already configured. skip.
uWSGI running as root, you can use --uid/--gid/--chroot options
*** WARNING: you are running uWSGI as root !!! (use the --uid flag) *** 
*** uWSGI is running in multiple interpreter mode ***
spawned uWSGI master process (pid: 1)
spawned uWSGI worker 1 (pid: 7, cores: 1)
Python auto-reloader enabled
...brutally killing workers...
worker 1 buried after 1 seconds
binary reloading uWSGI...
chdir() to /code
closing all non-uwsgi socket fds > 2 (max_fd = 1048576)...
found fd 3 mapped to socket 0 (:8001)
running /usr/local/bin/uwsgi
[uWSGI] getting INI configuration from /code/project/project/uwsgi.ini
*** Starting uWSGI 2.0.18 (64bit) on [Tue Dec 24 05:10:23 2019] ***
compiled with version: 8.3.0 on 24 December 2019 04:49:43
os: Linux-4.9.184-linuxkit #1 SMP Tue Jul 2 22:58:16 UTC 2019
nodename: f9c26da350e5
machine: x86_64
clock source: unix
detected number of CPU cores: 4
current working directory: /code
detected binary path: /usr/local/bin/uwsgi
!!! no internal routing support, rebuild with pcre support !!!
uWSGI running as root, you can use --uid/--gid/--chroot options
*** WARNING: you are running uWSGI as root !!! (use the --uid flag) *** 
chdir() to /code/project
your memory page size is 4096 bytes
detected max file descriptor number: 1048576
lock engine: pthread robust mutexes
thunder lock: disabled (you can enable it with --thunder-lock)
uwsgi socket 0 inherited INET address :8001 fd 3
uWSGI running as root, you can use --uid/--gid/--chroot options
*** WARNING: you are running uWSGI as root !!! (use the --uid flag) *** 
Python version: 3.8.0 (default, Nov 15 2019, 02:22:06)  [GCC 8.3.0]
Python main interpreter initialized at 0x5616e55698a0
uWSGI running as root, you can use --uid/--gid/--chroot options
*** WARNING: you are running uWSGI as root !!! (use the --uid flag) *** 
python threads support enabled
your server socket listen backlog is limited to 100 connections
your mercy for graceful operations on workers is 60 seconds
mapped 145840 bytes (142 KB) for 1 cores
*** Operational MODE: single process ***
WSGI app 0 (mountpoint='') ready in 1 seconds on interpreter 0x5616e55698a0 pid: 1 (default app)
mountpoint  already configured. skip.
uWSGI running as root, you can use --uid/--gid/--chroot options
*** WARNING: you are running uWSGI as root !!! (use the --uid flag) *** 
*** uWSGI is running in multiple interpreter mode ***
gracefully (RE)spawned uWSGI master process (pid: 1)
spawned uWSGI worker 1 (pid: 21, cores: 1)
Python auto-reloader enabled
*** Starting uWSGI 2.0.18 (64bit) on [Tue Dec 24 05:10:38 2019] ***
compiled with version: 8.3.0 on 24 December 2019 04:49:43
os: Linux-4.9.184-linuxkit #1 SMP Tue Jul 2 22:58:16 UTC 2019
nodename: 83e31c44c869
machine: x86_64
clock source: unix
detected number of CPU cores: 4
current working directory: /code
detected binary path: /usr/local/bin/uwsgi
!!! no internal routing support, rebuild with pcre support !!!
uWSGI running as root, you can use --uid/--gid/--chroot options
*** WARNING: you are running uWSGI as root !!! (use the --uid flag) *** 
chdir() to /code/project
your memory page size is 4096 bytes
detected max file descriptor number: 1048576
lock engine: pthread robust mutexes
thunder lock: disabled (you can enable it with --thunder-lock)
uwsgi socket 0 bound to TCP address :8001 fd 3
uWSGI running as root, you can use --uid/--gid/--chroot options
*** WARNING: you are running uWSGI as root !!! (use the --uid flag) *** 
Python version: 3.8.0 (default, Nov 15 2019, 02:22:06)  [GCC 8.3.0]
Python main interpreter initialized at 0x5578b3e918c0
uWSGI running as root, you can use --uid/--gid/--chroot options
*** WARNING: you are running uWSGI as root !!! (use the --uid flag) *** 
python threads support enabled
your server socket listen backlog is limited to 100 connections
your mercy for graceful operations on workers is 60 seconds
mapped 145840 bytes (142 KB) for 1 cores
*** Operational MODE: single process ***
WSGI app 0 (mountpoint='') ready in 1 seconds on interpreter 0x5578b3e918c0 pid: 1 (default app)
mountpoint  already configured. skip.
uWSGI running as root, you can use --uid/--gid/--chroot options
*** WARNING: you are running uWSGI as root !!! (use the --uid flag) *** 
*** uWSGI is running in multiple interpreter mode ***
spawned uWSGI master process (pid: 1)
spawned uWSGI worker 1 (pid: 8, cores: 1)
Python auto-reloader enabled
[uwsgi-python-reloader] module/file ./project/settings.py has been modified
...gracefully killing workers...
Gracefully killing worker 1 (pid: 8)...
worker 1 buried after 1 seconds
binary reloading uWSGI...
chdir() to /code
closing all non-uwsgi socket fds > 2 (max_fd = 1048576)...
found fd 3 mapped to socket 0 (:8001)
running /usr/local/bin/uwsgi
[uWSGI] getting INI configuration from /code/project/project/uwsgi.ini
*** Starting uWSGI 2.0.18 (64bit) on [Tue Dec 24 05:12:27 2019] ***
compiled with version: 8.3.0 on 24 December 2019 04:49:43
os: Linux-4.9.184-linuxkit #1 SMP Tue Jul 2 22:58:16 UTC 2019
nodename: 83e31c44c869
machine: x86_64
clock source: unix
detected number of CPU cores: 4
current working directory: /code
detected binary path: /usr/local/bin/uwsgi
!!! no internal routing support, rebuild with pcre support !!!
uWSGI running as root, you can use --uid/--gid/--chroot options
*** WARNING: you are running uWSGI as root !!! (use the --uid flag) *** 
chdir() to /code/project
your memory page size is 4096 bytes
detected max file descriptor number: 1048576
lock engine: pthread robust mutexes
thunder lock: disabled (you can enable it with --thunder-lock)
uwsgi socket 0 inherited INET address :8001 fd 3
uWSGI running as root, you can use --uid/--gid/--chroot options
*** WARNING: you are running uWSGI as root !!! (use the --uid flag) *** 
Python version: 3.8.0 (default, Nov 15 2019, 02:22:06)  [GCC 8.3.0]
Python main interpreter initialized at 0x55a9a4d3b8a0
uWSGI running as root, you can use --uid/--gid/--chroot options
*** WARNING: you are running uWSGI as root !!! (use the --uid flag) *** 
python threads support enabled
your server socket listen backlog is limited to 100 connections
your mercy for graceful operations on workers is 60 seconds
mapped 145840 bytes (142 KB) for 1 cores
*** Operational MODE: single process ***
WSGI app 0 (mountpoint='') ready in 0 seconds on interpreter 0x55a9a4d3b8a0 pid: 1 (default app)
mountpoint  already configured. skip.
uWSGI running as root, you can use --uid/--gid/--chroot options
*** WARNING: you are running uWSGI as root !!! (use the --uid flag) *** 
*** uWSGI is running in multiple interpreter mode ***
gracefully (RE)spawned uWSGI master process (pid: 1)
spawned uWSGI worker 1 (pid: 11, cores: 1)
Python auto-reloader enabled
[uwsgi-python-reloader] module/file ./project/settings.py has been modified
...gracefully killing workers...
Gracefully killing worker 1 (pid: 11)...
worker 1 buried after 1 seconds
binary reloading uWSGI...
chdir() to /code
closing all non-uwsgi socket fds > 2 (max_fd = 1048576)...
found fd 3 mapped to socket 0 (:8001)
running /usr/local/bin/uwsgi
[uWSGI] getting INI configuration from /code/project/project/uwsgi.ini
*** Starting uWSGI 2.0.18 (64bit) on [Tue Dec 24 05:12:54 2019] ***
compiled with version: 8.3.0 on 24 December 2019 04:49:43
os: Linux-4.9.184-linuxkit #1 SMP Tue Jul 2 22:58:16 UTC 2019
nodename: 83e31c44c869
machine: x86_64
clock source: unix
detected number of CPU cores: 4
current working directory: /code
detected binary path: /usr/local/bin/uwsgi
!!! no internal routing support, rebuild with pcre support !!!
uWSGI running as root, you can use --uid/--gid/--chroot options
*** WARNING: you are running uWSGI as root !!! (use the --uid flag) *** 
chdir() to /code/project
your memory page size is 4096 bytes
detected max file descriptor number: 1048576
lock engine: pthread robust mutexes
thunder lock: disabled (you can enable it with --thunder-lock)
uwsgi socket 0 inherited INET address :8001 fd 3
uWSGI running as root, you can use --uid/--gid/--chroot options
*** WARNING: you are running uWSGI as root !!! (use the --uid flag) *** 
Python version: 3.8.0 (default, Nov 15 2019, 02:22:06)  [GCC 8.3.0]
Python main interpreter initialized at 0x55c560f878a0
uWSGI running as root, you can use --uid/--gid/--chroot options
*** WARNING: you are running uWSGI as root !!! (use the --uid flag) *** 
python threads support enabled
your server socket listen backlog is limited to 100 connections
your mercy for graceful operations on workers is 60 seconds
mapped 145840 bytes (142 KB) for 1 cores
*** Operational MODE: single process ***
WSGI app 0 (mountpoint='') ready in 0 seconds on interpreter 0x55c560f878a0 pid: 1 (default app)
mountpoint  already configured. skip.
uWSGI running as root, you can use --uid/--gid/--chroot options
*** WARNING: you are running uWSGI as root !!! (use the --uid flag) *** 
*** uWSGI is running in multiple interpreter mode ***
gracefully (RE)spawned uWSGI master process (pid: 1)
spawned uWSGI worker 1 (pid: 14, cores: 1)
Python auto-reloader enabled
[uwsgi-python-reloader] module/file ./project/settings.py has been modified
...gracefully killing workers...
Gracefully killing worker 1 (pid: 14)...
worker 1 buried after 1 seconds
binary reloading uWSGI...
chdir() to /code
closing all non-uwsgi socket fds > 2 (max_fd = 1048576)...
found fd 3 mapped to socket 0 (:8001)
running /usr/local/bin/uwsgi
[uWSGI] getting INI configuration from /code/project/project/uwsgi.ini
*** Starting uWSGI 2.0.18 (64bit) on [Tue Dec 24 05:13:29 2019] ***
compiled with version: 8.3.0 on 24 December 2019 04:49:43
os: Linux-4.9.184-linuxkit #1 SMP Tue Jul 2 22:58:16 UTC 2019
nodename: 83e31c44c869
machine: x86_64
clock source: unix
detected number of CPU cores: 4
current working directory: /code
detected binary path: /usr/local/bin/uwsgi
!!! no internal routing support, rebuild with pcre support !!!
uWSGI running as root, you can use --uid/--gid/--chroot options
*** WARNING: you are running uWSGI as root !!! (use the --uid flag) *** 
chdir() to /code/project
your memory page size is 4096 bytes
detected max file descriptor number: 1048576
lock engine: pthread robust mutexes
thunder lock: disabled (you can enable it with --thunder-lock)
uwsgi socket 0 inherited INET address :8001 fd 3
uWSGI running as root, you can use --uid/--gid/--chroot options
*** WARNING: you are running uWSGI as root !!! (use the --uid flag) *** 
Python version: 3.8.0 (default, Nov 15 2019, 02:22:06)  [GCC 8.3.0]
Python main interpreter initialized at 0x55eaad6c68a0
uWSGI running as root, you can use --uid/--gid/--chroot options
*** WARNING: you are running uWSGI as root !!! (use the --uid flag) *** 
python threads support enabled
your server socket listen backlog is limited to 100 connections
your mercy for graceful operations on workers is 60 seconds
mapped 145840 bytes (142 KB) for 1 cores
*** Operational MODE: single process ***
Traceback (most recent call last):
  File "./project/wsgi.py", line 16, in <module>
    application = get_wsgi_application()
  File "/usr/local/lib/python3.8/site-packages/django/core/wsgi.py", line 12, in get_wsgi_application
    django.setup(set_prefix=False)
  File "/usr/local/lib/python3.8/site-packages/django/__init__.py", line 19, in setup
    configure_logging(settings.LOGGING_CONFIG, settings.LOGGING)
  File "/usr/local/lib/python3.8/site-packages/django/conf/__init__.py", line 76, in __getattr__
    self._setup(name)
  File "/usr/local/lib/python3.8/site-packages/django/conf/__init__.py", line 63, in _setup
    self._wrapped = Settings(settings_module)
  File "/usr/local/lib/python3.8/site-packages/django/conf/__init__.py", line 161, in __init__
    raise ImproperlyConfigured("The SECRET_KEY setting must not be empty.")
django.core.exceptions.ImproperlyConfigured: The SECRET_KEY setting must not be empty.
unable to load app 0 (mountpoint='') (callable not found or import error)
Traceback (most recent call last):
  File "/code/project/project/wsgi.py", line 16, in <module>
    application = get_wsgi_application()
  File "/usr/local/lib/python3.8/site-packages/django/core/wsgi.py", line 12, in get_wsgi_application
    django.setup(set_prefix=False)
  File "/usr/local/lib/python3.8/site-packages/django/__init__.py", line 19, in setup
    configure_logging(settings.LOGGING_CONFIG, settings.LOGGING)
  File "/usr/local/lib/python3.8/site-packages/django/conf/__init__.py", line 76, in __getattr__
    self._setup(name)
  File "/usr/local/lib/python3.8/site-packages/django/conf/__init__.py", line 63, in _setup
    self._wrapped = Settings(settings_module)
  File "/usr/local/lib/python3.8/site-packages/django/conf/__init__.py", line 161, in __init__
    raise ImproperlyConfigured("The SECRET_KEY setting must not be empty.")
django.core.exceptions.ImproperlyConfigured: The SECRET_KEY setting must not be empty.
unable to load app 0 (mountpoint='') (callable not found or import error)
*** no app loaded. going in full dynamic mode ***
uWSGI running as root, you can use --uid/--gid/--chroot options
*** WARNING: you are running uWSGI as root !!! (use the --uid flag) *** 
*** uWSGI is running in multiple interpreter mode ***
gracefully (RE)spawned uWSGI master process (pid: 1)
spawned uWSGI worker 1 (pid: 17, cores: 1)
Python auto-reloader enabled
[uwsgi-python-reloader] module/file ./project/settings.py has been modified
...gracefully killing workers...
Gracefully killing worker 1 (pid: 17)...
worker 1 buried after 1 seconds
binary reloading uWSGI...
chdir() to /code
closing all non-uwsgi socket fds > 2 (max_fd = 1048576)...
found fd 3 mapped to socket 0 (:8001)
running /usr/local/bin/uwsgi
[uWSGI] getting INI configuration from /code/project/project/uwsgi.ini
*** Starting uWSGI 2.0.18 (64bit) on [Tue Dec 24 05:14:45 2019] ***
compiled with version: 8.3.0 on 24 December 2019 04:49:43
os: Linux-4.9.184-linuxkit #1 SMP Tue Jul 2 22:58:16 UTC 2019
nodename: 83e31c44c869
machine: x86_64
clock source: unix
detected number of CPU cores: 4
current working directory: /code
detected binary path: /usr/local/bin/uwsgi
!!! no internal routing support, rebuild with pcre support !!!
uWSGI running as root, you can use --uid/--gid/--chroot options
*** WARNING: you are running uWSGI as root !!! (use the --uid flag) *** 
chdir() to /code/project
your memory page size is 4096 bytes
detected max file descriptor number: 1048576
lock engine: pthread robust mutexes
thunder lock: disabled (you can enable it with --thunder-lock)
uwsgi socket 0 inherited INET address :8001 fd 3
uWSGI running as root, you can use --uid/--gid/--chroot options
*** WARNING: you are running uWSGI as root !!! (use the --uid flag) *** 
Python version: 3.8.0 (default, Nov 15 2019, 02:22:06)  [GCC 8.3.0]
Python main interpreter initialized at 0x562d2b8748a0
uWSGI running as root, you can use --uid/--gid/--chroot options
*** WARNING: you are running uWSGI as root !!! (use the --uid flag) *** 
python threads support enabled
your server socket listen backlog is limited to 100 connections
your mercy for graceful operations on workers is 60 seconds
mapped 145840 bytes (142 KB) for 1 cores
*** Operational MODE: single process ***
Traceback (most recent call last):
  File "./project/wsgi.py", line 16, in <module>
    application = get_wsgi_application()
  File "/usr/local/lib/python3.8/site-packages/django/core/wsgi.py", line 12, in get_wsgi_application
    django.setup(set_prefix=False)
  File "/usr/local/lib/python3.8/site-packages/django/__init__.py", line 19, in setup
    configure_logging(settings.LOGGING_CONFIG, settings.LOGGING)
  File "/usr/local/lib/python3.8/site-packages/django/conf/__init__.py", line 76, in __getattr__
    self._setup(name)
  File "/usr/local/lib/python3.8/site-packages/django/conf/__init__.py", line 63, in _setup
    self._wrapped = Settings(settings_module)
  File "/usr/local/lib/python3.8/site-packages/django/conf/__init__.py", line 161, in __init__
    raise ImproperlyConfigured("The SECRET_KEY setting must not be empty.")
django.core.exceptions.ImproperlyConfigured: The SECRET_KEY setting must not be empty.
unable to load app 0 (mountpoint='') (callable not found or import error)
Traceback (most recent call last):
  File "/code/project/project/wsgi.py", line 16, in <module>
    application = get_wsgi_application()
  File "/usr/local/lib/python3.8/site-packages/django/core/wsgi.py", line 12, in get_wsgi_application
    django.setup(set_prefix=False)
  File "/usr/local/lib/python3.8/site-packages/django/__init__.py", line 19, in setup
    configure_logging(settings.LOGGING_CONFIG, settings.LOGGING)
  File "/usr/local/lib/python3.8/site-packages/django/conf/__init__.py", line 76, in __getattr__
    self._setup(name)
  File "/usr/local/lib/python3.8/site-packages/django/conf/__init__.py", line 63, in _setup
    self._wrapped = Settings(settings_module)
  File "/usr/local/lib/python3.8/site-packages/django/conf/__init__.py", line 161, in __init__
    raise ImproperlyConfigured("The SECRET_KEY setting must not be empty.")
django.core.exceptions.ImproperlyConfigured: The SECRET_KEY setting must not be empty.
unable to load app 0 (mountpoint='') (callable not found or import error)
*** no app loaded. going in full dynamic mode ***
uWSGI running as root, you can use --uid/--gid/--chroot options
*** WARNING: you are running uWSGI as root !!! (use the --uid flag) *** 
*** uWSGI is running in multiple interpreter mode ***
gracefully (RE)spawned uWSGI master process (pid: 1)
spawned uWSGI worker 1 (pid: 20, cores: 1)
Python auto-reloader enabled
[uwsgi-python-reloader] module/file ./project/settings.py has been modified
...gracefully killing workers...
Gracefully killing worker 1 (pid: 20)...
worker 1 buried after 1 seconds
binary reloading uWSGI...
chdir() to /code
closing all non-uwsgi socket fds > 2 (max_fd = 1048576)...
found fd 3 mapped to socket 0 (:8001)
running /usr/local/bin/uwsgi
[uWSGI] getting INI configuration from /code/project/project/uwsgi.ini
*** Starting uWSGI 2.0.18 (64bit) on [Tue Dec 24 05:17:06 2019] ***
compiled with version: 8.3.0 on 24 December 2019 04:49:43
os: Linux-4.9.184-linuxkit #1 SMP Tue Jul 2 22:58:16 UTC 2019
nodename: 83e31c44c869
machine: x86_64
clock source: unix
detected number of CPU cores: 4
current working directory: /code
detected binary path: /usr/local/bin/uwsgi
!!! no internal routing support, rebuild with pcre support !!!
uWSGI running as root, you can use --uid/--gid/--chroot options
*** WARNING: you are running uWSGI as root !!! (use the --uid flag) *** 
chdir() to /code/project
your memory page size is 4096 bytes
detected max file descriptor number: 1048576
lock engine: pthread robust mutexes
thunder lock: disabled (you can enable it with --thunder-lock)
uwsgi socket 0 inherited INET address :8001 fd 3
uWSGI running as root, you can use --uid/--gid/--chroot options
*** WARNING: you are running uWSGI as root !!! (use the --uid flag) *** 
Python version: 3.8.0 (default, Nov 15 2019, 02:22:06)  [GCC 8.3.0]
Python main interpreter initialized at 0x55a455f2c8a0
uWSGI running as root, you can use --uid/--gid/--chroot options
*** WARNING: you are running uWSGI as root !!! (use the --uid flag) *** 
python threads support enabled
your server socket listen backlog is limited to 100 connections
your mercy for graceful operations on workers is 60 seconds
mapped 145840 bytes (142 KB) for 1 cores
*** Operational MODE: single process ***
WSGI app 0 (mountpoint='') ready in 0 seconds on interpreter 0x55a455f2c8a0 pid: 1 (default app)
mountpoint  already configured. skip.
uWSGI running as root, you can use --uid/--gid/--chroot options
*** WARNING: you are running uWSGI as root !!! (use the --uid flag) *** 
*** uWSGI is running in multiple interpreter mode ***
gracefully (RE)spawned uWSGI master process (pid: 1)
spawned uWSGI worker 1 (pid: 23, cores: 1)
Python auto-reloader enabled
[uwsgi-python-reloader] module/file ./project/settings.py has been modified
...gracefully killing workers...
Gracefully killing worker 1 (pid: 23)...
worker 1 buried after 1 seconds
binary reloading uWSGI...
chdir() to /code
closing all non-uwsgi socket fds > 2 (max_fd = 1048576)...
found fd 3 mapped to socket 0 (:8001)
running /usr/local/bin/uwsgi
[uWSGI] getting INI configuration from /code/project/project/uwsgi.ini
*** Starting uWSGI 2.0.18 (64bit) on [Tue Dec 24 05:17:59 2019] ***
compiled with version: 8.3.0 on 24 December 2019 04:49:43
os: Linux-4.9.184-linuxkit #1 SMP Tue Jul 2 22:58:16 UTC 2019
nodename: 83e31c44c869
machine: x86_64
clock source: unix
detected number of CPU cores: 4
current working directory: /code
detected binary path: /usr/local/bin/uwsgi
!!! no internal routing support, rebuild with pcre support !!!
uWSGI running as root, you can use --uid/--gid/--chroot options
*** WARNING: you are running uWSGI as root !!! (use the --uid flag) *** 
chdir() to /code/project
your memory page size is 4096 bytes
detected max file descriptor number: 1048576
lock engine: pthread robust mutexes
thunder lock: disabled (you can enable it with --thunder-lock)
uwsgi socket 0 inherited INET address :8001 fd 3
uWSGI running as root, you can use --uid/--gid/--chroot options
*** WARNING: you are running uWSGI as root !!! (use the --uid flag) *** 
Python version: 3.8.0 (default, Nov 15 2019, 02:22:06)  [GCC 8.3.0]
Python main interpreter initialized at 0x55dd451ec900
uWSGI running as root, you can use --uid/--gid/--chroot options
*** WARNING: you are running uWSGI as root !!! (use the --uid flag) *** 
python threads support enabled
your server socket listen backlog is limited to 100 connections
your mercy for graceful operations on workers is 60 seconds
mapped 145840 bytes (142 KB) for 1 cores
*** Operational MODE: single process ***
WSGI app 0 (mountpoint='') ready in 0 seconds on interpreter 0x55dd451ec900 pid: 1 (default app)
mountpoint  already configured. skip.
uWSGI running as root, you can use --uid/--gid/--chroot options
*** WARNING: you are running uWSGI as root !!! (use the --uid flag) *** 
*** uWSGI is running in multiple interpreter mode ***
gracefully (RE)spawned uWSGI master process (pid: 1)
spawned uWSGI worker 1 (pid: 26, cores: 1)
Python auto-reloader enabled
[uwsgi-python-reloader] module/file ./project/settings.py has been modified
...gracefully killing workers...
Gracefully killing worker 1 (pid: 26)...
worker 1 buried after 1 seconds
binary reloading uWSGI...
chdir() to /code
closing all non-uwsgi socket fds > 2 (max_fd = 1048576)...
found fd 3 mapped to socket 0 (:8001)
running /usr/local/bin/uwsgi
[uWSGI] getting INI configuration from /code/project/project/uwsgi.ini
*** Starting uWSGI 2.0.18 (64bit) on [Tue Dec 24 05:18:16 2019] ***
compiled with version: 8.3.0 on 24 December 2019 04:49:43
os: Linux-4.9.184-linuxkit #1 SMP Tue Jul 2 22:58:16 UTC 2019
nodename: 83e31c44c869
machine: x86_64
clock source: unix
detected number of CPU cores: 4
current working directory: /code
detected binary path: /usr/local/bin/uwsgi
!!! no internal routing support, rebuild with pcre support !!!
uWSGI running as root, you can use --uid/--gid/--chroot options
*** WARNING: you are running uWSGI as root !!! (use the --uid flag) *** 
chdir() to /code/project
your memory page size is 4096 bytes
detected max file descriptor number: 1048576
lock engine: pthread robust mutexes
thunder lock: disabled (you can enable it with --thunder-lock)
uwsgi socket 0 inherited INET address :8001 fd 3
uWSGI running as root, you can use --uid/--gid/--chroot options
*** WARNING: you are running uWSGI as root !!! (use the --uid flag) *** 
Python version: 3.8.0 (default, Nov 15 2019, 02:22:06)  [GCC 8.3.0]
Python main interpreter initialized at 0x560412d43900
uWSGI running as root, you can use --uid/--gid/--chroot options
*** WARNING: you are running uWSGI as root !!! (use the --uid flag) *** 
python threads support enabled
your server socket listen backlog is limited to 100 connections
your mercy for graceful operations on workers is 60 seconds
mapped 145840 bytes (142 KB) for 1 cores
*** Operational MODE: single process ***
WSGI app 0 (mountpoint='') ready in 0 seconds on interpreter 0x560412d43900 pid: 1 (default app)
mountpoint  already configured. skip.
uWSGI running as root, you can use --uid/--gid/--chroot options
*** WARNING: you are running uWSGI as root !!! (use the --uid flag) *** 
*** uWSGI is running in multiple interpreter mode ***
gracefully (RE)spawned uWSGI master process (pid: 1)
spawned uWSGI worker 1 (pid: 29, cores: 1)
Python auto-reloader enabled
[uwsgi-python-reloader] module/file ./project/settings.py has been modified
...gracefully killing workers...
Gracefully killing worker 1 (pid: 29)...
worker 1 buried after 1 seconds
binary reloading uWSGI...
chdir() to /code
closing all non-uwsgi socket fds > 2 (max_fd = 1048576)...
found fd 3 mapped to socket 0 (:8001)
running /usr/local/bin/uwsgi
[uWSGI] getting INI configuration from /code/project/project/uwsgi.ini
*** Starting uWSGI 2.0.18 (64bit) on [Tue Dec 24 05:19:14 2019] ***
compiled with version: 8.3.0 on 24 December 2019 04:49:43
os: Linux-4.9.184-linuxkit #1 SMP Tue Jul 2 22:58:16 UTC 2019
nodename: 83e31c44c869
machine: x86_64
clock source: unix
detected number of CPU cores: 4
current working directory: /code
detected binary path: /usr/local/bin/uwsgi
!!! no internal routing support, rebuild with pcre support !!!
uWSGI running as root, you can use --uid/--gid/--chroot options
*** WARNING: you are running uWSGI as root !!! (use the --uid flag) *** 
chdir() to /code/project
your memory page size is 4096 bytes
detected max file descriptor number: 1048576
lock engine: pthread robust mutexes
thunder lock: disabled (you can enable it with --thunder-lock)
uwsgi socket 0 inherited INET address :8001 fd 3
uWSGI running as root, you can use --uid/--gid/--chroot options
*** WARNING: you are running uWSGI as root !!! (use the --uid flag) *** 
Python version: 3.8.0 (default, Nov 15 2019, 02:22:06)  [GCC 8.3.0]
Python main interpreter initialized at 0x560b57615900
uWSGI running as root, you can use --uid/--gid/--chroot options
*** WARNING: you are running uWSGI as root !!! (use the --uid flag) *** 
python threads support enabled
your server socket listen backlog is limited to 100 connections
your mercy for graceful operations on workers is 60 seconds
mapped 145840 bytes (142 KB) for 1 cores
*** Operational MODE: single process ***
WSGI app 0 (mountpoint='') ready in 0 seconds on interpreter 0x560b57615900 pid: 1 (default app)
mountpoint  already configured. skip.
uWSGI running as root, you can use --uid/--gid/--chroot options
*** WARNING: you are running uWSGI as root !!! (use the --uid flag) *** 
*** uWSGI is running in multiple interpreter mode ***
gracefully (RE)spawned uWSGI master process (pid: 1)
spawned uWSGI worker 1 (pid: 32, cores: 1)
Python auto-reloader enabled
[pid: 32|app: 0|req: 1/1] 172.20.0.1 () {50 vars in 924 bytes} [Tue Dec 24 05:21:04 2019] GET / => generated 16493 bytes in 26 msecs (HTTP/1.1 200) 4 headers in 123 bytes (1 switches on core 0)
Not Found: /favicon.ico
[pid: 32|app: 0|req: 2/2] 172.20.0.1 () {48 vars in 845 bytes} [Tue Dec 24 05:21:05 2019] GET /favicon.ico => generated 1973 bytes in 8 msecs (HTTP/1.1 404) 4 headers in 129 bytes (1 switches on core 0)
[pid: 32|app: 0|req: 3/3] 172.20.0.1 () {52 vars in 958 bytes} [Tue Dec 24 05:21:53 2019] GET /admin => generated 0 bytes in 1 msecs (HTTP/1.1 301) 4 headers in 145 bytes (1 switches on core 0)
[pid: 32|app: 0|req: 4/4] 172.20.0.1 () {52 vars in 960 bytes} [Tue Dec 24 05:21:53 2019] GET /admin/ => generated 0 bytes in 36 msecs (HTTP/1.1 302) 8 headers in 301 bytes (1 switches on core 0)
[pid: 32|app: 0|req: 5/5] 172.20.0.1 () {52 vars in 997 bytes} [Tue Dec 24 05:21:53 2019] GET /admin/login/?next=/admin/ => generated 1946 bytes in 53 msecs (HTTP/1.1 200) 8 headers in 431 bytes (1 switches on core 0)
[pid: 32|app: 0|req: 6/6] 172.20.0.1 () {50 vars in 936 bytes} [Tue Dec 24 05:21:54 2019] GET /admin/ => generated 0 bytes in 1 msecs (HTTP/1.1 302) 8 headers in 301 bytes (1 switches on core 0)
[pid: 32|app: 0|req: 7/7] 172.20.0.1 () {50 vars in 973 bytes} [Tue Dec 24 05:21:54 2019] GET /admin/login/?next=/admin/ => generated 1946 bytes in 13 msecs (HTTP/1.1 200) 8 headers in 431 bytes (1 switches on core 0)
[pid: 32|app: 0|req: 8/8] 172.20.0.1 () {52 vars in 1004 bytes} [Tue Dec 24 05:28:43 2019] GET /admin/login/?next=/admin/ => generated 1946 bytes in 24 msecs (HTTP/1.1 200) 8 headers in 431 bytes (1 switches on core 0)
